# ----------------------------------------
# Jasper Version Info
# tool      : Jasper 2023.09
# platform  : Linux 4.18.0-553.58.1.el8_10.x86_64
# version   : 2023.09 FCS 64 bits
# build date: 2023.09.27 19:40:18 UTC
# ----------------------------------------
# started   : 2025-08-05 14:52:27 BST
# hostname  : srv04154.(none)
# pid       : 239276
# arguments : '-label' 'session_0' '-console' '//127.0.0.1:42567' '-style' 'windows' '-data' 'AAAA7nicfYzBCoJQFETPI9yGXyJhBCEu2rRTRBftpVylBqabNvap/clzelHYogbmzmXu3DFAPFprcVjcNHwSUgr2mhkHKdRsCNmyYseRkhMVrbZKl4aAKxd6sdVeyg8YOBP9/Vr//HMwj5cSG+Yw+f1LwXsHPxFxSaeuZ2+v3tr5Ez6dH3c=' '-proj' '/home/kh5u24/summer/MSc_project/laboratories/lab3/work/exercise2/jgproject/sessionLogs/session_0' '-init' '-hidden' '/home/kh5u24/summer/MSc_project/laboratories/lab3/work/exercise2/jgproject/.tmp/.initCmds.tcl' 'run.tcl'

Any disclosure about the Cadence Design Systems software or its use
model to any third party violates the written Non-Disclosure Agreement
between Cadence Design Systems, Inc. and the customer.

THIS SOFTWARE CONTAINS CONFIDENTIAL INFORMATION AND TRADE SECRETS OF
CADENCE DESIGN SYSTEMS, INC. USE, DISCLOSURE, OR REPRODUCTION IS
PROHIBITED WITHOUT THE PRIOR EXPRESS WRITTEN PERMISSION OF CADENCE
DESIGN SYSTEMS, INC.

Copyright (C) 2000-2023 Cadence Design Systems, Inc. All Rights
Reserved.  Unpublished -- rights reserved under the copyright laws of
the United States.

This product includes software developed by others and redistributed
according to license agreement. See doc/third_party_readme.txt for
further details.

RESTRICTED RIGHTS LEGEND

Use, duplication, or disclosure by the Government is subject to
restrictions as set forth in subparagraph (c) (1) (ii) of the Rights in
Technical Data and Computer Software clause at DFARS 252.227-7013 or
subparagraphs (c) (1) and (2) of Commercial Computer Software -- Restricted
Rights at 48 CFR 52.227-19, as applicable.


                          Cadence Design Systems, Inc.
                          2655 Seely Avenue
                          San Jose, CA 95134
                          Phone: 408.943.1234

For technical assistance visit http://support.cadence.com.

Jasper Apps Analysis Session - /home/kh5u24/summer/MSc_project/laboratories/lab3/work/exercise2/jgproject/sessionLogs/session_0

INFO: successfully checked out licenses "jasper_interactive" and "jasper_fao".
INFO: reading configuration file "/home/kh5u24/.config/cadence/jasper.conf".
% clear -all
INFO (IPF121): Cleared environment completely for new design analysis.
% 
% analyze -sv09 ./branching_tb.sv
[-- (VERI-1482)] Analyzing Verilog file '/eda/cadence/2023-24/RHELx86/JASPER_23.09.000/lib/verilog/packages/std/std.sv' into library 'std'
[-- (VERI-1482)] Analyzing Verilog file './branching_tb.sv'
% analyze -sv09 ./branching.sv
[-- (VERI-1482)] Analyzing Verilog file './branching.sv'
% 
% elaborate -top branching_tb
INFO (ISW003): Top module name is "branching_tb".
[INFO (HIER-8002)] ./branching_tb.sv(130): Disabling old hierarchical reference handler
[INFO (VERI-1018)] ./branching.sv(1): compiling module 'branching'
[INFO (VERI-1018)] ./branching_tb.sv(4): compiling module 'branching_tb'
[WARN (VDB-1002)] ./branching_tb.sv(8): net 'Clock' does not have a driver
[WARN (VDB-1002)] ./branching_tb.sv(9): net 'nReset' does not have a driver
[WARN (VDB-1002)] ./branching_tb.sv(10): net 'func3_DEC[2]' does not have a driver
[WARN (VDB-1002)] ./branching_tb.sv(11): net 'PC[31]' does not have a driver
[WARN (VDB-1002)] ./branching_tb.sv(12): net 'PC_IF[31]' does not have a driver
[WARN (VDB-1002)] ./branching_tb.sv(13): net 'PC_DEC[31]' does not have a driver
[WARN (VDB-1002)] ./branching_tb.sv(14): net 'is_load' does not have a driver
[WARN (VDB-1002)] ./branching_tb.sv(15): net 'branch_type[1]' does not have a driver
[WARN (VDB-1002)] ./branching_tb.sv(16): net 'imm[31]' does not have a driver
[WARN (VDB-1002)] ./branching_tb.sv(17): net 'imm_DEC[31]' does not have a driver
[WARN (VDB-1002)] ./branching_tb.sv(18): net 'aluOut[31]' does not have a driver
[WARN (VDB-1002)] ./branching_tb.sv(19): net 'zeroFlag' does not have a driver
[WARN (VDB-1002)] ./branching_tb.sv(20): net 'negFlag' does not have a driver
[WARN (VDB-1002)] ./branching_tb.sv(21): net 'neguFlag' does not have a driver
INFO (INL208): Elaboration synthesis summary:
  Number of synthesized netlists          2 (0 packages)
  Single run mode                         On
  Pipeline                                On (2 pipelined netlists)
  Late hierarchical reference connection  On
  Number of analyzed Verilog modules      2 (2 synthesized)
  Number of analyzed VHDL entities        0 (0 synthesized)
WARNING (VDB-1002): ./branching.sv(28): net 'branch_confirmed' does not have a driver
INFO (INL003): Clearing all state information (assumes, stopats, and so forth).
branching_tb
[<embedded>] % clock Clock
[<embedded>] % reset ~nReset
INFO (IPM031): Clearing proof results of all properties.
INFO (IRS006): Current reset condition is "nReset".
[<embedded>] % 
[<embedded>] % 
[<embedded>] % prove -all
Ncustom1: Custom engine code is hT3Ng7hPPfiYQOTDZ3qhYOwGAM51eA+J/FjkM5shLioAsqhgLR4Ft+O1BuKG6ilQ83B9tLXSl+CwjiTMAQA
Bcustom2: Custom engine code is hT3Nm7hPr1Vp3Di1Ra2USNIGL4JypRnLKLAdF6JAyuavO2JfGCiY9OZJhcAcOUnLx5xwNdhILGrAWX9s+z2WDkKwNR7tAfClBEjRFVQeq6DU54boFgEA
AMcustom3: Custom engine code is hT3Ng7hP/feYQOTDZ3qhYOwGAM51eA+J/FjkM5shLioAsqhgLR4Ft+O1BuKG6ilQ83B9tLXSmmqwm7g9AQA
Mpcustom4: Custom engine code is hT3NZbhP9fmY2AbBQnsjfOxn6c+6e6yL+/e8fZFmaQrnlgEA
INFO (IPF036): Starting proof on task: "<embedded>", 30 properties to prove with 0 already proven/unreachable
INFO (IRS029): Starting reset analysis: phase 1 of 4.
INFO (IRS030): Running reset analysis: phase 2 of 4.
INFO (IRS031): Running reset analysis: phase 3 of 4.
INFO (IRS020): Starting the reset analysis simulation with a limit of 100 iterations (phase 4 of 4).
INFO (IRS024): Reset iterations 0 to 4 analyzed.
INFO (IRS018): Reset analysis simulation executed for 3 iterations. Assigned values for 4 of 5 design flops, 0 of 0 design latches, 42 of 44 internal elements.
INFO (IRS039): Reset analysis complete.
INFO (IPF031): Settings used for proof thread 0:
    orchestration                 = on (auto)
    time_limit                    = 86400s
    per_property_time_limit       = 1s * 10 ^ scan
    engine_mode                   = auto
    proofgrid_per_engine_max_jobs = 1
    max engine jobs               = auto
    proofgrid_mode                = local
    proofgrid_restarts            = 10
0.0.PRE: A proof was found: No trace exists. [0.00 s]
AMcustom5: Custom engine code is hT3N1rhP11/52HrFRS21ROp2LOjVTgPvT8L8BGXHgLhaIuqtT4nARFjUqrBL+7pLmaTOzBepZW/Jm8SSrHDybSQtoNiO3y43wk+dEoWlsZizu97Fih6O6lPVG/LpWP5SsUPwlGagLNa1FKEFvwVXyX7//8prySbvSxIHXr5er+z4RAEA
Ncustom6: Custom engine code is hT3OXrhPByJp3TrFSTLhUmMH4KVtJgmTCnNDF46yMXOKY48m4LS5nE7yBzFjA7kDuwO/GhGUpEPiky3p3wmPn3dJZHxFMsafSoObRzSC+tn7sEY0WbTdZ/FV4hL3MYH/b1CIUvXSWR4wqEoVLsmMOD4xIPT4lI1LO6ZCO7PnnWQuLwetnvKlrXx6wCW/A+x+enqslg1YPobi4wEF/EvbzOvcTYdJvl2s4H2yZg2b2ofAVN5WvhWk1HoBAA
ADcustom7: Custom engine code is hT3Nv7hPv1752HrFRa2kROx2f/ECJeZB2AZsLdlO8VwmIuqtT4nIDFXclhg+O+o+DMmQCekbheGk0kK28laA9gaOFDXsQp29J3X615HY1IPHJWd6FUFvCHjO+p1k652b5JJvZlShNpGlGSXAiQe/mEAj6tEBAA
Tricustom8: Custom engine code is hT3Nu7hPt1752DvFRa0kNDiyIV97VyejwM9C/jCLJjdPvusZONHY42VYUy0Q1ZotnhcVtNc56tJ5wbxv6V2+XpdsaSlHck5vfnbYjdwj1OECy9U+7oSQ0SZE3g5ayD+Phuh4odCJTjeKa2k4elM9ldQfkAEA
Gcustom9: Custom engine code is hT3NibhPDfeYQADBZnYcglOvK9Pfd7EOeniIqP8jNsyIqInncipMGcUXqAadachREE9F2PwhBUZUNw5kHnd4JdXkamORRgEA
C2custom10: Custom engine code is hT3NirhPjfWYQADBZnYcglOvK9Pfd7EOeniIqP8jNsyIqInncgkrYMMXCYbdK0dUjZIF9d4cJ0rHoBDjwVLBKuG86XYVV00BAA
AGcustom11: Custom engine code is hT3NirhP/fmYQADBZnYcglOvK9Pfd7EOeniIqP8jNsyIqInnckcwYMMXCYbdK0dUjZIF9d4cJ0rHoBDjwVLBKuHEZnZByh0BAA
Bcustom12: Custom engine code is hT3NjrhPDfiYQADBZnYcglOvK9PfWxFtenjIyBqfrgr7if/jL/yPOuK1BAflEcW0DxNH2eDIoezN2gxlQFg81RZtiWXh7aiTAidvAQA
Ncustom13: Custom engine code is hT3NR7hPByFp3TrFSTLhUmMH4KWtJglTyV/c51BHEeZWamnJv767nE6PCak26bd3gf3XGN3rIRheufhDieCJQVISo+gNYUKhiUedBKGtsP/a18svAnlMJZudHxDFwK5ufsyoxsIyiAeSY2oi3tEuoDHr5gw42DFKAG3PqO3CEsl8Azzdt3pl5nGA1Ifv2H02eYsFzWb/nfp8PMb3F0krE/EgBcm8TD9Div8BAA
INFO (IPF057): 0.0.PRE: The property "branching_tb.beq_test" was proven in 0.00 s.
Tricustom14: Custom engine code is hT3Nu7hP3fiYQADBZnYcglNHp9bfd7EOeniIqP/ji8sGLQu8yhsFO+wxJ+O+R0bU8g/IewXFomyos+viQnWc2xYNYmMqpo3i40O7DaZR7qfp4YqNx26KRvQ/qx0BAA
0.0.PRE: A proof was found: No trace exists. [0.00 s]
INFO (IPF051): 0.0.PRE: The cover property "branching_tb.beq_test:precondition1" was proven unreachable in 0.00 s.
0.0.PRE: A proof was found: No trace exists. [0.00 s]
INFO (IPF057): 0.0.PRE: The property "branching_tb.bne_test" was proven in 0.00 s.
0.0.PRE: A proof was found: No trace exists. [0.00 s]
INFO (IPF051): 0.0.PRE: The cover property "branching_tb.bne_test:precondition1" was proven unreachable in 0.00 s.
0.0.PRE: A proof was found: No trace exists. [0.00 s]
INFO (IPF057): 0.0.PRE: The property "branching_tb.blt_test" was proven in 0.00 s.
0.0.PRE: A proof was found: No trace exists. [0.00 s]
INFO (IPF051): 0.0.PRE: The cover property "branching_tb.blt_test:precondition1" was proven unreachable in 0.00 s.
0.0.PRE: A proof was found: No trace exists. [0.00 s]
INFO (IPF057): 0.0.PRE: The property "branching_tb.bge_test" was proven in 0.00 s.
0.0.PRE: A proof was found: No trace exists. [0.00 s]
INFO (IPF051): 0.0.PRE: The cover property "branching_tb.bge_test:precondition1" was proven unreachable in 0.00 s.
0.0.PRE: A proof was found: No trace exists. [0.00 s]
INFO (IPF057): 0.0.PRE: The property "branching_tb.bltu_test" was proven in 0.00 s.
0.0.PRE: A proof was found: No trace exists. [0.00 s]
INFO (IPF051): 0.0.PRE: The cover property "branching_tb.bltu_test:precondition1" was proven unreachable in 0.00 s.
0.0.PRE: A proof was found: No trace exists. [0.00 s]
INFO (IPF057): 0.0.PRE: The property "branching_tb.bgeu_test" was proven in 0.00 s.
0.0.PRE: A proof was found: No trace exists. [0.00 s]
INFO (IPF051): 0.0.PRE: The cover property "branching_tb.bgeu_test:precondition1" was proven unreachable in 0.00 s.
0: Found proofs for 12 properties in preprocessing
0: Using multistage preprocessing
0: Starting reduce
0: Finished reduce in 0.007s
0.0.PRE: A proof was found: No trace exists. [0.00 s]
INFO (IPF057): 0.0.PRE: The property "branching_tb.branch_prediction_test_1" was proven in 0.00 s.
0.0.PRE: A proof was found: No trace exists. [0.00 s]
INFO (IPF051): 0.0.PRE: The cover property "branching_tb.branch_prediction_test_1:precondition1" was proven unreachable in 0.00 s.
0.0.PRE: A proof was found: No trace exists. [0.00 s]
INFO (IPF057): 0.0.PRE: The property "branching_tb.branch_prediction_test_4" was proven in 0.00 s.
0.0.PRE: A proof was found: No trace exists. [0.00 s]
INFO (IPF051): 0.0.PRE: The cover property "branching_tb.branch_prediction_test_4:precondition1" was proven unreachable in 0.00 s.
0: Found proofs for 4 properties in preprocessing
0.0.PRE: Performing Proof Simplification...
0.0.N: clocks: 1, declared: 1, looping: 0, posedge: 1, negedge: 0, noedge: 0, bothedge: 0
0.0.N: Proof Simplification Iteration 1	[0.00 s]
0.0.PRE: A trace with 2 cycles was found. [0.00 s]
INFO (IPF055): 0.0.PRE: A counterexample (cex) with 1 cycles was found for the property "branching_tb.branch_prediction_test_2" in 0.00 s.
INFO (IPF047): 0.0.PRE: The cover property "branching_tb.branch_prediction_test_2:precondition1" was covered in 1 cycles in 0.00 s.
INFO (IPF055): 0.0.PRE: A counterexample (cex) with 2 cycles was found for the property "branching_tb.pipelining_test" in 0.00 s.
INFO (IPF047): 0.0.PRE: The cover property "branching_tb.pipelining_test:precondition1" was covered in 1 cycles in 0.00 s.
0.0.N: Proof Simplification Iteration 2	[0.17 s]
0.0.PRE: A proof was found: No trace exists. [0.00 s]
INFO (IPF057): 0.0.PRE: The property ":noDeadEnd" was proven in 0.00 s.
    Use check_assumptions -show -dead_end to show this property in the property table.
0.0.PRE: A proof was found: No trace exists. [0.00 s]
INFO (IPF057): 0.0.PRE: The property ":noConflict" was proven in 0.00 s.
    Use check_assumptions -show to show this property in the property table.
INFO (IPF047): 0.0.PRE: The cover property ":live" was covered in 1 cycles in 0.00 s.
    Use check_assumptions -show -live to show this property in the property table.
0.0.PRE: Proof Simplification completed in 0.18 s
0.0.N: Identified and disabled 2 duplicated targets.
0: About to start ProofGrid in its own thread with a limit of 10000 pending notifications and a limit of 10 traces.
0: =============================== ProofGrid start ===============================
0: ProofGrid usable level: 10
0: Initial ProofGrid level: 1
0: ProofGrid is starting event handling
0.0.Hp: Proofgrid shell started at 239376@srv04154(local) jg_239276_srv04154_1
0.0.N: Proofgrid shell started at 239375@srv04154(local) jg_239276_srv04154_1
0.0.Hp: clocks: 1, declared: 1, looping: 0, posedge: 1, negedge: 0, noedge: 0, bothedge: 0
0.0.N: clocks: 1, declared: 1, looping: 0, posedge: 1, negedge: 0, noedge: 0, bothedge: 0
0.0.N: Next scan (0) will use per property time limit: 1s * 10 ^ 0 = 1s
0.0.N: Starting proof for property "branching_tb.non_test"	[0.00 s].
0.0.N: Trace Attempt  1	[0.00 s]
0.0.N: A max_length bound was found. The shortest trace is no longer than 2 cycles. [0.01 s]
INFO (IPF008): 0.0.N: A max_length bound of 2 was found for the property "branching_tb.non_test" in 0.01 s.
0.0.N: Trace Attempt  2	[0.01 s]
0.0.Hp: A proof was found: No trace exists. [0.02 s]
INFO (IPF057): 0.0.Hp: The property "branching_tb.non_test" was proven in 0.01 s.
0.0.N: Trace Attempt  3	[0.01 s]
0.0.Hp: A proof was found: No trace exists. [0.03 s]
INFO (IPF057): 0.0.Hp: The property "branching_tb.load_test" was proven in 0.02 s.
0.0.Hp: A proof was found: No trace exists. [0.03 s]
INFO (IPF057): 0.0.Hp: The property "branching_tb.jal_test" was proven in 0.02 s.
0.0.Hp: Trace Attempt  1	[0.03 s]
0.0.Hp: A trace with 1 cycles was found. [0.03 s]
INFO (IPF047): 0.0.Hp: The cover property "branching_tb.non_test:precondition1" was covered in 1 cycles in 0.02 s.
0.0.Hp: A trace with 1 cycles was found. [0.03 s]
INFO (IPF047): 0.0.Hp: The cover property "branching_tb.load_test:precondition1" was covered in 1 cycles in 0.04 s.
0.0.Hp: A trace with 1 cycles was found. [0.03 s]
INFO (IPF047): 0.0.Hp: The cover property "branching_tb.jal_test:precondition1" was covered in 1 cycles in 0.06 s.
0.0.Hp: A trace with 1 cycles was found. [0.03 s]
INFO (IPF047): 0.0.Hp: The cover property "branching_tb.jalr_test:precondition1" was covered in 1 cycles in 0.07 s.
0.0.Hp: A trace with 1 cycles was found. [0.03 s]
INFO (IPF055): 0.0.Hp: A counterexample (cex) with 1 cycles was found for the property "branching_tb.branch_prediction_test_3" in 0.09 s.
INFO (IPF047): 0.0.Hp: The cover property "branching_tb.branch_prediction_test_3:precondition1" was covered in 1 cycles in 0.09 s.
0.0.N: Stopped processing property "branching_tb.non_test"	[0.11 s].
0.0.N: Starting proof for property "branching_tb.jalr_test"	[0.00 s].
0.0.N: Trace Attempt  1	[0.00 s]
0.0.N: A max_length bound was found. The shortest trace is no longer than 4 cycles. [0.00 s]
INFO (IPF008): 0.0.N: A max_length bound of 4 was found for the property "branching_tb.jalr_test" in 0.00 s.
0.0.N: Requesting engine job to stop
0.0.Hp: Requesting engine job to terminate
INFO (IPF144): 0: Initiating shutdown of proof [0.04 s]
0.0.Hp: A proof was found: No trace exists. [0.03 s]
INFO (IPF057): 0.0.Hp: The property "branching_tb.jalr_test" was proven in 0.11 s.
0.0.Hp: All properties determined. [0.03 s]
0.0.N: Trace Attempt  2	[0.00 s]
0.0.N: Stopped processing property "branching_tb.jalr_test"	[0.00 s].
0.0.N: All properties determined. [0.00 s]
0.0.Hp: Exited with Success (@ 0.04 s)
0: ProofGrid usable level: 0
0.0.Ht: Proofgrid shell started at 239407@srv04154(local) jg_239276_srv04154_1
0.0.Ht: Requesting engine job to terminate
0.0.N: Exited with Success (@ 0.23 s)
0.0.Ht: Preventing job from starting because proof is shutting down.
0.0.Ht: Requesting engine job to terminate
0.0.Ht: Interrupted. [0.00 s]
0.0.Bm: Proofgrid shell started at 239408@srv04154(local) jg_239276_srv04154_1
0.0.Bm: Requesting engine job to terminate
0.0.Ht: Exited with Success (@ 0.24 s)
0.0.Bm: Preventing job from starting because proof is shutting down.
0.0.Bm: Requesting engine job to terminate
0.0.Bm: Interrupted. [0.00 s]
0.0.Mpcustom4: Proofgrid shell started at 239409@srv04154(local) jg_239276_srv04154_1
0.0.Mpcustom4: Requesting engine job to terminate
0.0.B: Proofgrid shell started at 239412@srv04154(local) jg_239276_srv04154_1
0.0.B: Requesting engine job to terminate
0.0.Mpcustom4: Preventing job from starting because proof is shutting down.
0.0.Mpcustom4: Requesting engine job to terminate
0.0.Bm: Exited with Success (@ 0.24 s)
0.0.Mpcustom4: Interrupted. [0.00 s]
0.0.B: Preventing job from starting because proof is shutting down.
0.0.B: Requesting engine job to terminate
0.0.B: Interrupted. [0.00 s]
0.0.Oh: Proofgrid shell started at 239410@srv04154(local) jg_239276_srv04154_1
0.0.Oh: Requesting engine job to terminate
0.0.AM: Proofgrid shell started at 239413@srv04154(local) jg_239276_srv04154_1
0.0.AM: Requesting engine job to terminate
0.0.L: Proofgrid shell started at 239411@srv04154(local) jg_239276_srv04154_1
0.0.L: Requesting engine job to terminate
0.0.AM: Preventing job from starting because proof is shutting down.
0.0.AM: Requesting engine job to terminate
0.0.Mpcustom4: Exited with Success (@ 0.24 s)
0.0.Oh: Preventing job from starting because proof is shutting down.
0.0.Oh: Requesting engine job to terminate
0.0.Oh: Interrupted. [0.00 s]
0.0.AM: Interrupted. [0.00 s]
0.0.B: Exited with Success (@ 0.24 s)
0.0.L: Preventing job from starting because proof is shutting down.
0.0.L: Requesting engine job to terminate
0.0.L: Interrupted. [0.00 s]
0.0.AM: Exited with Success (@ 0.24 s)
0.0.Oh: Exited with Success (@ 0.24 s)
0.0.L: Exited with Success (@ 0.24 s)
0: --------------------------------------------------------------
ProofGrid Summary (utilization 2.60 %)
--------------------------------------------------------------
     engines started                               :     9
     engine jobs started                           :     9

    Average time in state (seconds)
    ------------------------------------------------------
    Engine  Pending     Running        Dead    Utilization
    ------------------------------------------------------
      N        0.34        0.03        0.00        8.13 %
     Hp        0.33        0.03        0.00        8.55 %
     Ht        0.23        0.00        0.00        0.00 %
     Bm        0.23        0.00        0.00        0.00 %
    Mpcustom4        0.23        0.00        0.00        0.00 %
     Oh        0.23        0.00        0.00        0.00 %
      L        0.23        0.00        0.00        0.00 %
      B        0.23        0.00        0.00        0.00 %
     AM        0.22        0.00        0.00        0.00 %
    all        0.25        0.01        0.00        2.60 %

    Total time in state (seconds)
    -----------------------------------------
            Pending     Running        Dead  
    -----------------------------------------
               2.27        0.06        0.00

    Data read    : 10.22 kiB
    Data written : 2.52 kiB

0: All pending notifications were processed.
INFO (IPF059): Completed proof on task: "<embedded>" for proof thread 0

==============================================================
SUMMARY
==============================================================
           Properties Considered              : 30
                 assertions                   : 15
                  - proven                    : 12 (80%)
                  - bounded_proven (user)     : 0 (0%)
                  - bounded_proven (auto)     : 0 (0%)
                  - marked_proven             : 0 (0%)
                  - cex                       : 3 (20%)
                  - ar_cex                    : 0 (0%)
                  - undetermined              : 0 (0%)
                  - unknown                   : 0 (0%)
                  - error                     : 0 (0%)
                 covers                       : 15
                  - unreachable               : 8 (53.3333%)
                  - bounded_unreachable (user): 0 (0%)
                  - covered                   : 7 (46.6667%)
                  - ar_covered                : 0 (0%)
                  - undetermined              : 0 (0%)
                  - unknown                   : 0 (0%)
                  - error                     : 0 (0%)
determined
[<embedded>] % 
[<embedded>] % 
[<embedded>] % visualize -property <embedded>::branching_tb.pipelining_test:precondition1 -new_window
INFO (IVS015): Setting Visualize task to "<embedded>".
INFO (IVS008): Expanding analysis region to enable visualization of "<embedded>::branching_tb.pipelining_test:precondition1".
covered
[<embedded>] % visualize -property <embedded>::branching_tb.non_test:precondition1 -new_window
INFO (IVS015): Setting Visualize task to "<embedded>".
INFO (IVS008): Expanding analysis region to enable visualization of "<embedded>::branching_tb.non_test:precondition1".
covered
INFO (IPL005): Received request to exit from the console.
INFO (IPL014): Waiting for the Tcl-thread to exit.
INFO: Waiting for proof threads to stop...
INFO: Proof threads stopped.
INFO (IPL018): The peak resident set memory use for this session was 0.389 GB.
INFO (IPL015): The Tcl-thread exited with status 0.
INFO (IPL016): Exiting the analysis session with status 0.
